++========================================
||
||   Package:  ./deps/qrencode-4.0.2-x86_64-1alien.txz
||
++========================================
drwxr-xr-x root/root         0 2019-08-04 23:16 ./
drwxr-xr-x root/root         0 2019-08-04 23:16 install/
-rw-r--r-- root/root       210 2019-08-04 23:16 install/doinst.sh
-rw-r--r-- root/root       964 2019-08-04 23:16 install/slack-desc
drwxr-xr-x root/root         0 2019-08-04 23:16 usr/
drwxr-xr-x root/root         0 2019-08-04 23:16 usr/bin/
-rwxr-xr-x root/root     39296 2019-08-04 23:16 usr/bin/qrencode
drwxr-xr-x root/root         0 2019-08-04 23:16 usr/doc/
drwxr-xr-x root/root         0 2019-08-04 23:16 usr/doc/qrencode-4.0.2/
-rw-r--r-- root/root     26527 2010-07-27 17:26 usr/doc/qrencode-4.0.2/COPYING
-rw-r--r-- root/root     54176 2018-06-06 09:35 usr/doc/qrencode-4.0.2/ChangeLog
-rw-r--r-- root/root     12031 2018-06-06 09:34 usr/doc/qrencode-4.0.2/NEWS
-rw-r--r-- root/root      7016 2018-06-06 09:39 usr/doc/qrencode-4.0.2/README
-rw-r--r-- root/root       243 2018-06-02 14:04 usr/doc/qrencode-4.0.2/TODO
drwxr-xr-x root/root         0 2019-08-04 23:16 usr/include/
-rw-r--r-- root/root     20890 2019-08-04 23:16 usr/include/qrencode.h
drwxr-xr-x root/root         0 2019-08-04 23:16 usr/lib64/
-rwxr-xr-x root/root       966 2019-08-04 23:16 usr/lib64/libqrencode.la
-rwxr-xr-x root/root     47504 2019-08-04 23:16 usr/lib64/libqrencode.so.4.0.2
drwxr-xr-x root/root         0 2019-08-04 23:16 usr/lib64/pkgconfig/
-rw-r--r-- root/root       232 2019-08-04 23:16 usr/lib64/pkgconfig/libqrencode.pc
drwxr-xr-x root/root         0 2019-08-04 23:16 usr/man/
drwxr-xr-x root/root         0 2019-08-04 23:16 usr/man/man1/
-rw-r--r-- root/root      1660 2019-08-04 23:16 usr/man/man1/qrencode.1.gz


